-------------------------------------------------------------------------------
Test set: com.tecsup.petclinic.services.OwnerServiceTest
-------------------------------------------------------------------------------
Tests run: 6, Failures: 1, Errors: 0, Skipped: 0, Time elapsed: 0.498 s <<< FAILURE! - in com.tecsup.petclinic.services.OwnerServiceTest
testDeleteOwner  Time elapsed: 0.02 s  <<< FAILURE!
org.opentest4j.AssertionFailedError: Record not found...!
	at com.tecsup.petclinic.services.OwnerServiceTest.testDeleteOwner(OwnerServiceTest.java:170)

